<?xml version="1.0" encoding="UTF-8"?>
<testng-results ignored="0" total="1" passed="1" failed="0" skipped="0">
  <reporter-output>
  </reporter-output>
  <suite started-at="2021-03-15T19:34:05 EDT" name="Default suite" finished-at="2021-03-15T19:34:06 EDT" duration-ms="95">
    <groups>
    </groups>
    <test started-at="2021-03-15T19:34:05 EDT" name="Default test" finished-at="2021-03-15T19:34:06 EDT" duration-ms="95">
      <class name="vfxv.BaseTest">
        <test-method is-config="true" signature="start()[pri:0, instance:vfxv.BaseTest@fd07cbb]" started-at="2021-03-15T19:34:05 EDT" name="start" finished-at="2021-03-15T19:34:06 EDT" duration-ms="73" status="PASS">
          <reporter-output>
          </reporter-output>
        </test-method> <!-- start -->
        <test-method signature="test1()[pri:0, instance:vfxv.BaseTest@fd07cbb]" started-at="2021-03-15T19:34:06 EDT" name="test1" finished-at="2021-03-15T19:34:06 EDT" duration-ms="4" status="PASS">
          <reporter-output>
          </reporter-output>
        </test-method> <!-- test1 -->
      </class> <!-- vfxv.BaseTest -->
    </test> <!-- Default test -->
  </suite> <!-- Default suite -->
</testng-results>
